c:\of_v0.9.8_vs_release\apps\myapps\of-game-a3\obj\debug\main.obj
c:\of_v0.9.8_vs_release\apps\myapps\of-game-a3\obj\debug\ofapp.obj
c:\of_v0.9.8_vs_release\apps\myapps\of-game-a3\obj\debug\gameobject.obj
c:\of_v0.9.8_vs_release\apps\myapps\of-game-a3\obj\debug\animatedobject.obj
c:\of_v0.9.8_vs_release\apps\myapps\of-game-a3\obj\debug\vc141.pdb
c:\of_v0.9.8_vs_release\apps\myapps\of-game-a3\bin\ofgame_debug.exe
c:\of_v0.9.8_vs_release\apps\myapps\of-game-a3\bin\ofgame_debug.ilk
c:\of_v0.9.8_vs_release\apps\myapps\of-game-a3\bin\ofgame_debug.pdb
c:\of_v0.9.8_vs_release\apps\myapps\of-game-a3\bin\ofgame_debug.lib
c:\of_v0.9.8_vs_release\apps\myapps\of-game-a3\bin\ofgame_debug.exp
c:\of_v0.9.8_vs_release\apps\myapps\of-game-a3\obj\debug\icon.res
c:\of_v0.9.8_vs_release\apps\myapps\of-game-a3\obj\debug\ofgame.tlog\cl.command.1.tlog
c:\of_v0.9.8_vs_release\apps\myapps\of-game-a3\obj\debug\ofgame.tlog\cl.read.1.tlog
c:\of_v0.9.8_vs_release\apps\myapps\of-game-a3\obj\debug\ofgame.tlog\cl.write.1.tlog
c:\of_v0.9.8_vs_release\apps\myapps\of-game-a3\obj\debug\ofgame.tlog\link.command.1.tlog
c:\of_v0.9.8_vs_release\apps\myapps\of-game-a3\obj\debug\ofgame.tlog\link.read.1.tlog
c:\of_v0.9.8_vs_release\apps\myapps\of-game-a3\obj\debug\ofgame.tlog\link.write.1.tlog
c:\of_v0.9.8_vs_release\apps\myapps\of-game-a3\obj\debug\ofgame.tlog\ofgame.write.1u.tlog
c:\of_v0.9.8_vs_release\apps\myapps\of-game-a3\obj\debug\ofgame.tlog\rc.command.1.tlog
c:\of_v0.9.8_vs_release\apps\myapps\of-game-a3\obj\debug\ofgame.tlog\rc.read.1.tlog
c:\of_v0.9.8_vs_release\apps\myapps\of-game-a3\obj\debug\ofgame.tlog\rc.write.1.tlog
